# JRE version: Java(TM) SE Runtime Environment (8.0_111-b14) (build 1.8.0_111-b14)
# Java VM: Java HotSpot(TM) 64-Bit Server VM (25.111-b14 mixed mode linux-amd64 compressed oops)
Heap:
 PSYoungGen      total 263680K, used 201358K [0x00000000e0000000, 0x00000000f5880000, 0x0000000100000000)
  eden space 242176K, 83% used [0x00000000e0000000,0x00000000ec4a3ba0,0x00000000eec80000)
  from space 21504K, 0% used [0x00000000eec80000,0x00000000eec80000,0x00000000f0180000)
  to   space 28672K, 0% used [0x00000000f3c80000,0x00000000f3c80000,0x00000000f5880000)
 ParOldGen       total 608768K, used 32358K [0x00000000a0000000, 0x00000000c5280000, 0x00000000e0000000)
  object space 608768K, 5% used [0x00000000a0000000,0x00000000a1f99a50,0x00000000c5280000)
 Metaspace       used 70123K, capacity 70856K, committed 71168K, reserved 1107968K
  class space    used 12437K, capacity 12702K, committed 12800K, reserved 1048576K
GC Heap History (10 events):
Event: 3.764 GC heap before
{Heap before GC invocations=4 (full 1):
 PSYoungGen      total 170496K, used 87080K [0x00000000e0000000, 0x00000000f1e80000, 0x0000000100000000)
  eden space 161792K, 48% used [0x00000000e0000000,0x00000000e4d04d70,0x00000000e9e00000)
  from space 8704K, 94% used [0x00000000f1600000,0x00000000f1e052f0,0x00000000f1e80000)
  to   space 21504K, 0% used [0x00000000ef480000,0x00000000ef480000,0x00000000f0980000)
 ParOldGen       total 349696K, used 16006K [0x00000000a0000000, 0x00000000b5580000, 0x00000000e0000000)
  object space 349696K, 4% used [0x00000000a0000000,0x00000000a0fa19f8,0x00000000b5580000)
 Metaspace       used 34861K, capacity 35368K, committed 35496K, reserved 1077248K
  class space    used 7006K, capacity 7158K, committed 7168K, reserved 1048576K
Event: 3.774 GC heap after
Heap after GC invocations=4 (full 1):
 PSYoungGen      total 212480K, used 11568K [0x00000000e0000000, 0x00000000f1680000, 0x0000000100000000)
  eden space 200704K, 0% used [0x00000000e0000000,0x00000000e0000000,0x00000000ec400000)
  from space 11776K, 98% used [0x00000000ef480000,0x00000000effcc180,0x00000000f0000000)
  to   space 21504K, 0% used [0x00000000f0180000,0x00000000f0180000,0x00000000f1680000)
 ParOldGen       total 349696K, used 16006K [0x00000000a0000000, 0x00000000b5580000, 0x00000000e0000000)
  object space 349696K, 4% used [0x00000000a0000000,0x00000000a0fa19f8,0x00000000b5580000)
 Metaspace       used 34861K, capacity 35368K, committed 35496K, reserved 1077248K
  class space    used 7006K, capacity 7158K, committed 7168K, reserved 1048576K
}
Event: 3.774 GC heap before
{Heap before GC invocations=5 (full 2):
 PSYoungGen      total 212480K, used 11568K [0x00000000e0000000, 0x00000000f1680000, 0x0000000100000000)
  eden space 200704K, 0% used [0x00000000e0000000,0x00000000e0000000,0x00000000ec400000)
  from space 11776K, 98% used [0x00000000ef480000,0x00000000effcc180,0x00000000f0000000)
  to   space 21504K, 0% used [0x00000000f0180000,0x00000000f0180000,0x00000000f1680000)
 ParOldGen       total 349696K, used 16006K [0x00000000a0000000, 0x00000000b5580000, 0x00000000e0000000)
  object space 349696K, 4% used [0x00000000a0000000,0x00000000a0fa19f8,0x00000000b5580000)
 Metaspace       used 34861K, capacity 35368K, committed 35496K, reserved 1077248K
  class space    used 7006K, capacity 7158K, committed 7168K, reserved 1048576K
Event: 3.824 GC heap after
Heap after GC invocations=5 (full 2):
 PSYoungGen      total 212480K, used 0K [0x00000000e0000000, 0x00000000f1680000, 0x0000000100000000)
  eden space 200704K, 0% used [0x00000000e0000000,0x00000000e0000000,0x00000000ec400000)
  from space 11776K, 0% used [0x00000000ef480000,0x00000000ef480000,0x00000000f0000000)
  to   space 21504K, 0% used [0x00000000f0180000,0x00000000f0180000,0x00000000f1680000)
 ParOldGen       total 416256K, used 15732K [0x00000000a0000000, 0x00000000b9680000, 0x00000000e0000000)
  object space 416256K, 3% used [0x00000000a0000000,0x00000000a0f5d3b0,0x00000000b9680000)
 Metaspace       used 34850K, capacity 35350K, committed 35496K, reserved 1077248K
  class space    used 7003K, capacity 7152K, committed 7168K, reserved 1048576K
}
Event: 26.957 GC heap before
{Heap before GC invocations=6 (full 2):
 PSYoungGen      total 212480K, used 200704K [0x00000000e0000000, 0x00000000f1680000, 0x0000000100000000)
  eden space 200704K, 100% used [0x00000000e0000000,0x00000000ec400000,0x00000000ec400000)
  from space 11776K, 0% used [0x00000000ef480000,0x00000000ef480000,0x00000000f0000000)
  to   space 21504K, 0% used [0x00000000f0180000,0x00000000f0180000,0x00000000f1680000)
 ParOldGen       total 416256K, used 15732K [0x00000000a0000000, 0x00000000b9680000, 0x00000000e0000000)
  object space 416256K, 3% used [0x00000000a0000000,0x00000000a0f5d3b0,0x00000000b9680000)
 Metaspace       used 45214K, capacity 45774K, committed 45824K, reserved 1085440K
  class space    used 8779K, capacity 8912K, committed 8960K, reserved 1048576K
Event: 26.983 GC heap after
Heap after GC invocations=6 (full 2):
 PSYoungGen      total 263680K, used 20726K [0x00000000e0000000, 0x00000000f1a00000, 0x0000000100000000)
  eden space 242176K, 0% used [0x00000000e0000000,0x00000000e0000000,0x00000000eec80000)
  from space 21504K, 96% used [0x00000000f0180000,0x00000000f15bda10,0x00000000f1680000)
  to   space 21504K, 0% used [0x00000000eec80000,0x00000000eec80000,0x00000000f0180000)
 ParOldGen       total 416256K, used 15740K [0x00000000a0000000, 0x00000000b9680000, 0x00000000e0000000)
  object space 416256K, 3% used [0x00000000a0000000,0x00000000a0f5f3b0,0x00000000b9680000)
 Metaspace       used 45214K, capacity 45774K, committed 45824K, reserved 1085440K
  class space    used 8779K, capacity 8912K, committed 8960K, reserved 1048576K
}
Event: 29.350 GC heap before
{Heap before GC invocations=7 (full 2):
 PSYoungGen      total 263680K, used 170589K [0x00000000e0000000, 0x00000000f1a00000, 0x0000000100000000)
  eden space 242176K, 61% used [0x00000000e0000000,0x00000000e9259d20,0x00000000eec80000)
  from space 21504K, 96% used [0x00000000f0180000,0x00000000f15bda10,0x00000000f1680000)
  to   space 21504K, 0% used [0x00000000eec80000,0x00000000eec80000,0x00000000f0180000)
 ParOldGen       total 416256K, used 15740K [0x00000000a0000000, 0x00000000b9680000, 0x00000000e0000000)
  object space 416256K, 3% used [0x00000000a0000000,0x00000000a0f5f3b0,0x00000000b9680000)
 Metaspace       used 58281K, capacity 59018K, committed 59136K, reserved 1097728K
  class space    used 10716K, capacity 10923K, committed 11008K, reserved 1048576K
Event: 29.366 GC heap after
Heap after GC invocations=7 (full 2):
 PSYoungGen      total 263680K, used 21496K [0x00000000e0000000, 0x00000000f5880000, 0x0000000100000000)
  eden space 242176K, 0% used [0x00000000e0000000,0x00000000e0000000,0x00000000eec80000)
  from space 21504K, 99% used [0x00000000eec80000,0x00000000f017e190,0x00000000f0180000)
  to   space 28672K, 0% used [0x00000000f3c80000,0x00000000f3c80000,0x00000000f5880000)
 ParOldGen       total 416256K, used 19260K [0x00000000a0000000, 0x00000000b9680000, 0x00000000e0000000)
  object space 416256K, 4% used [0x00000000a0000000,0x00000000a12cf0a0,0x00000000b9680000)
 Metaspace       used 58281K, capacity 59018K, committed 59136K, reserved 1097728K
  class space    used 10716K, capacity 10923K, committed 11008K, reserved 1048576K
}
Event: 29.366 GC heap before
{Heap before GC invocations=8 (full 3):
 PSYoungGen      total 263680K, used 21496K [0x00000000e0000000, 0x00000000f5880000, 0x0000000100000000)
  eden space 242176K, 0% used [0x00000000e0000000,0x00000000e0000000,0x00000000eec80000)
  from space 21504K, 99% used [0x00000000eec80000,0x00000000f017e190,0x00000000f0180000)
  to   space 28672K, 0% used [0x00000000f3c80000,0x00000000f3c80000,0x00000000f5880000)
 ParOldGen       total 416256K, used 19260K [0x00000000a0000000, 0x00000000b9680000, 0x00000000e0000000)
  object space 416256K, 4% used [0x00000000a0000000,0x00000000a12cf0a0,0x00000000b9680000)
 Metaspace       used 58281K, capacity 59018K, committed 59136K, reserved 1097728K
  class space    used 10716K, capacity 10923K, committed 11008K, reserved 1048576K
Event: 29.468 GC heap after
Heap after GC invocations=8 (full 3):
 PSYoungGen      total 263680K, used 0K [0x00000000e0000000, 0x00000000f5880000, 0x0000000100000000)
  eden space 242176K, 0% used [0x00000000e0000000,0x00000000e0000000,0x00000000eec80000)
  from space 21504K, 0% used [0x00000000eec80000,0x00000000eec80000,0x00000000f0180000)
  to   space 28672K, 0% used [0x00000000f3c80000,0x00000000f3c80000,0x00000000f5880000)
 ParOldGen       total 608768K, used 32358K [0x00000000a0000000, 0x00000000c5280000, 0x00000000e0000000)
  object space 608768K, 5% used [0x00000000a0000000,0x00000000a1f99a50,0x00000000c5280000)
 Metaspace       used 58045K, capacity 58712K, committed 59136K, reserved 1097728K
  class space    used 10679K, capacity 10882K, committed 11008K, reserved 1048576K
}

